[0m13:25:28.519079 [debug] [MainThread]: Sending event: {'category': 'dbt', 'action': 'invocation', 'label': 'start', 'context': [<snowplow_tracker.self_describing_json.SelfDescribingJson object at 0x000001E62C6787F0>, <snowplow_tracker.self_describing_json.SelfDescribingJson object at 0x000001E62C65FD30>, <snowplow_tracker.self_describing_json.SelfDescribingJson object at 0x000001E62E5ECB80>]}


============================== 13:25:28.581592 | c3195550-830c-4743-b5c3-8121a5b307b1 ==============================
[0m13:25:28.581592 [info ] [MainThread]: Running with dbt=1.10.2
[0m13:25:28.581592 [debug] [MainThread]: running dbt with arguments {'printer_width': '80', 'indirect_selection': 'eager', 'write_json': 'True', 'log_cache_events': 'False', 'partial_parse': 'True', 'cache_selected_only': 'False', 'warn_error': 'None', 'debug': 'False', 'profiles_dir': 'C:\\Users\\User\\.dbt', 'log_path': 'logs', 'version_check': 'True', 'fail_fast': 'False', 'use_colors': 'True', 'use_experimental_parser': 'False', 'empty': 'None', 'quiet': 'False', 'no_print': 'None', 'log_format': 'default', 'introspect': 'True', 'static_parser': 'True', 'invocation_command': 'dbt init my_dbt_project', 'target_path': 'None', 'warn_error_options': 'WarnErrorOptionsV2(error=[], warn=[], silence=[])', 'send_anonymous_usage_stats': 'True'}
[0m13:25:29.021052 [debug] [MainThread]: Starter project path: C:\Data_Eng_Dbt\dbt_project_env\lib\site-packages\dbt\include\starter_project
[0m13:25:29.109848 [info ] [MainThread]: 
Your new dbt project "my_dbt_project" was created!

For more information on how to configure the profiles.yml file,
please consult the dbt documentation here:

  https://docs.getdbt.com/docs/configure-your-profile

One more thing:

Need help? Don't hesitate to reach out to us via GitHub issues or on Slack:

  https://community.getdbt.com/

Happy modeling!

[0m13:25:29.109848 [info ] [MainThread]: Setting up your profile.
[0m13:32:53.786740 [info ] [MainThread]: Profile my_dbt_project written to C:\Users\User\.dbt\profiles.yml using target's profile_template.yml and your supplied values. Run 'dbt debug' to validate the connection.
[0m13:32:53.791729 [debug] [MainThread]: Command `dbt init` succeeded at 13:32:53.790733 after 445.41 seconds
[0m13:32:53.793724 [debug] [MainThread]: Sending event: {'category': 'dbt', 'action': 'invocation', 'label': 'end', 'context': [<snowplow_tracker.self_describing_json.SelfDescribingJson object at 0x000001E62C6787F0>, <snowplow_tracker.self_describing_json.SelfDescribingJson object at 0x000001E62D204E50>, <snowplow_tracker.self_describing_json.SelfDescribingJson object at 0x000001E62E7CC0A0>]}
[0m13:32:53.794720 [debug] [MainThread]: Flushing usage events
[0m13:32:55.225719 [debug] [MainThread]: An error was encountered while trying to flush usage events
